mktextfm MnSymbolF12
mktextfm MnSymbolF9
mktextfm MnSymbolF7
mktextfm MnSymbolE12
mktextfm MnSymbolE9
mktextfm MnSymbolE7
mktextfm MnSymbolA12
mktextfm MnSymbolA9
mktextfm MnSymbolA7
mktextfm MnSymbolB12
mktextfm MnSymbolB9
mktextfm MnSymbolB7
mktextfm MnSymbolC12
mktextfm MnSymbolC9
mktextfm MnSymbolC7
mktextfm MnSymbolD12
mktextfm MnSymbolD9
mktextfm MnSymbolD7
mktextfm MnSymbolF-Bold12
mktextfm MnSymbolF-Bold9
mktextfm MnSymbolF-Bold7
mktextfm MnSymbolE-Bold12
mktextfm MnSymbolE-Bold9
mktextfm MnSymbolE-Bold7
mktextfm MnSymbolA-Bold12
mktextfm MnSymbolA-Bold9
mktextfm MnSymbolA-Bold7
mktextfm MnSymbolB-Bold12
mktextfm MnSymbolB-Bold9
mktextfm MnSymbolB-Bold7
mktextfm MnSymbolC-Bold12
mktextfm MnSymbolC-Bold9
mktextfm MnSymbolC-Bold7
mktextfm MnSymbolD-Bold12
mktextfm MnSymbolD-Bold9
mktextfm MnSymbolD-Bold7
mktextfm MnSymbolF12
mktextfm MnSymbolF9
mktextfm MnSymbolF7
mktextfm MnSymbolE12
mktextfm MnSymbolE9
mktextfm MnSymbolE7
mktextfm MnSymbolA12
mktextfm MnSymbolA9
mktextfm MnSymbolA7
mktextfm MnSymbolB12
mktextfm MnSymbolB9
mktextfm MnSymbolB7
mktextfm MnSymbolC12
mktextfm MnSymbolC9
mktextfm MnSymbolC7
mktextfm MnSymbolD12
mktextfm MnSymbolD9
mktextfm MnSymbolD7
mktextfm MnSymbolF-Bold12
mktextfm MnSymbolF-Bold9
mktextfm MnSymbolF-Bold7
mktextfm MnSymbolE-Bold12
mktextfm MnSymbolE-Bold9
mktextfm MnSymbolE-Bold7
mktextfm MnSymbolA-Bold12
mktextfm MnSymbolA-Bold9
mktextfm MnSymbolA-Bold7
mktextfm MnSymbolB-Bold12
mktextfm MnSymbolB-Bold9
mktextfm MnSymbolB-Bold7
mktextfm MnSymbolC-Bold12
mktextfm MnSymbolC-Bold9
mktextfm MnSymbolC-Bold7
mktextfm MnSymbolD-Bold12
mktextfm MnSymbolD-Bold9
mktextfm MnSymbolD-Bold7
